%%%%%%%%%%%%%%%%%%%%%%%%%%%%%%%%%%%%%%%%%%%%%%%%%%%%%%%%%%%%%%%%
%%%%%%%%%%%%%%%%%% test 
%%%%%%%%%%%%%%%%%% test 
%%%%%%%%%%%%%%%%%%%%%%%%%%%%%%%%%%%%%%%%%%%%%%%%%%%%%%%%%%%%%%%%
building query responses for train
len:47449
qtemp:{rel_token}: {event} {gen} {ph}
anstemp:{ph} {resp} {end}
len after filtering:47449
Q:<xIntent>: PersonX abandons ___ altogether <gen_en> <extra_id_0>
R:<extra_id_0> put a stop <extra_id_1>
Q:<xIntent>: PersonX abandons ___ altogether <gen_en> <extra_id_0>
R:<extra_id_0> put a stop <extra_id_1>
building query responses for validation
len:5388
qtemp:{rel_token}: {event} {gen} {ph}
anstemp:{ph} {resp} {end}
len after filtering:5388
Q:<xIntent>: PersonX 'd better go <gen_en> <extra_id_0>
R:<extra_id_0> to go somewhere else more important. <extra_id_1>
Q:<xIntent>: PersonX 'd better go <gen_en> <extra_id_0>
R:<extra_id_0> to go somewhere else more important. <extra_id_1>
